[     243ms] [INFO] %cDownload the React DevTools for a better development experience: https://react.dev/link/react-devtools font-weight:bold @ http://localhost:1420/node_modules/.vite/deps/react-dom_client.js?v=bee5b3c4:14335
[     381ms] [ERROR] Failed to load resource: the server responded with a status of 404 (Not Found) @ http://localhost:1420/favicon.ico:0
[    1290ms] [ERROR] TypeError: Cannot read properties of undefined (reading 'invoke')
    at invoke (http://localhost:1420/node_modules/.vite/deps/@tauri-apps_api_core.js?v=bee5b3c4:204:36)
    at Object.recordingStatus (http://localhost:1420/src/api.ts:55:25)
    at http://localhost:1420/src/App.tsx:51:8 @ http://localhost:1420/@vite/client:524
[    2294ms] [ERROR] TypeError: Cannot read properties of undefined (reading 'invoke')
    at invoke (http://localhost:1420/node_modules/.vite/deps/@tauri-apps_api_core.js?v=bee5b3c4:204:36)
    at Object.recordingStatus (http://localhost:1420/src/api.ts:55:25)
    at http://localhost:1420/src/App.tsx:51:8 @ http://localhost:1420/@vite/client:524
[    3287ms] [ERROR] TypeError: Cannot read properties of undefined (reading 'invoke')
    at invoke (http://localhost:1420/node_modules/.vite/deps/@tauri-apps_api_core.js?v=bee5b3c4:204:36)
    at Object.recordingStatus (http://localhost:1420/src/api.ts:55:25)
    at http://localhost:1420/src/App.tsx:51:8 @ http://localhost:1420/@vite/client:524
[    4285ms] [ERROR] TypeError: Cannot read properties of undefined (reading 'invoke')
    at invoke (http://localhost:1420/node_modules/.vite/deps/@tauri-apps_api_core.js?v=bee5b3c4:204:36)
    at Object.recordingStatus (http://localhost:1420/src/api.ts:55:25)
    at http://localhost:1420/src/App.tsx:51:8 @ http://localhost:1420/@vite/client:524
[    5292ms] [ERROR] TypeError: Cannot read properties of undefined (reading 'invoke')
    at invoke (http://localhost:1420/node_modules/.vite/deps/@tauri-apps_api_core.js?v=bee5b3c4:204:36)
    at Object.recordingStatus (http://localhost:1420/src/api.ts:55:25)
    at http://localhost:1420/src/App.tsx:51:8 @ http://localhost:1420/@vite/client:524
[    6291ms] [ERROR] TypeError: Cannot read properties of undefined (reading 'invoke')
    at invoke (http://localhost:1420/node_modules/.vite/deps/@tauri-apps_api_core.js?v=bee5b3c4:204:36)
    at Object.recordingStatus (http://localhost:1420/src/api.ts:55:25)
    at http://localhost:1420/src/App.tsx:51:8 @ http://localhost:1420/@vite/client:524
[    7290ms] [ERROR] TypeError: Cannot read properties of undefined (reading 'invoke')
    at invoke (http://localhost:1420/node_modules/.vite/deps/@tauri-apps_api_core.js?v=bee5b3c4:204:36)
    at Object.recordingStatus (http://localhost:1420/src/api.ts:55:25)
    at http://localhost:1420/src/App.tsx:51:8 @ http://localhost:1420/@vite/client:524
[    8298ms] [ERROR] TypeError: Cannot read properties of undefined (reading 'invoke')
    at invoke (http://localhost:1420/node_modules/.vite/deps/@tauri-apps_api_core.js?v=bee5b3c4:204:36)
    at Object.recordingStatus (http://localhost:1420/src/api.ts:55:25)
    at http://localhost:1420/src/App.tsx:51:8 @ http://localhost:1420/@vite/client:524
[    9294ms] [ERROR] TypeError: Cannot read properties of undefined (reading 'invoke')
    at invoke (http://localhost:1420/node_modules/.vite/deps/@tauri-apps_api_core.js?v=bee5b3c4:204:36)
    at Object.recordingStatus (http://localhost:1420/src/api.ts:55:25)
    at http://localhost:1420/src/App.tsx:51:8 @ http://localhost:1420/@vite/client:524
[   10292ms] [ERROR] TypeError: Cannot read properties of undefined (reading 'invoke')
    at invoke (http://localhost:1420/node_modules/.vite/deps/@tauri-apps_api_core.js?v=bee5b3c4:204:36)
    at Object.recordingStatus (http://localhost:1420/src/api.ts:55:25)
    at http://localhost:1420/src/App.tsx:51:8 @ http://localhost:1420/@vite/client:524
[   11294ms] [ERROR] TypeError: Cannot read properties of undefined (reading 'invoke')
    at invoke (http://localhost:1420/node_modules/.vite/deps/@tauri-apps_api_core.js?v=bee5b3c4:204:36)
    at Object.recordingStatus (http://localhost:1420/src/api.ts:55:25)
    at http://localhost:1420/src/App.tsx:51:8 @ http://localhost:1420/@vite/client:524
[   12288ms] [ERROR] TypeError: Cannot read properties of undefined (reading 'invoke')
    at invoke (http://localhost:1420/node_modules/.vite/deps/@tauri-apps_api_core.js?v=bee5b3c4:204:36)
    at Object.recordingStatus (http://localhost:1420/src/api.ts:55:25)
    at http://localhost:1420/src/App.tsx:51:8 @ http://localhost:1420/@vite/client:524
[   13297ms] [ERROR] TypeError: Cannot read properties of undefined (reading 'invoke')
    at invoke (http://localhost:1420/node_modules/.vite/deps/@tauri-apps_api_core.js?v=bee5b3c4:204:36)
    at Object.recordingStatus (http://localhost:1420/src/api.ts:55:25)
    at http://localhost:1420/src/App.tsx:51:8 @ http://localhost:1420/@vite/client:524
[   14290ms] [ERROR] TypeError: Cannot read properties of undefined (reading 'invoke')
    at invoke (http://localhost:1420/node_modules/.vite/deps/@tauri-apps_api_core.js?v=bee5b3c4:204:36)
    at Object.recordingStatus (http://localhost:1420/src/api.ts:55:25)
    at http://localhost:1420/src/App.tsx:51:8 @ http://localhost:1420/@vite/client:524
[   15289ms] [ERROR] TypeError: Cannot read properties of undefined (reading 'invoke')
    at invoke (http://localhost:1420/node_modules/.vite/deps/@tauri-apps_api_core.js?v=bee5b3c4:204:36)
    at Object.recordingStatus (http://localhost:1420/src/api.ts:55:25)
    at http://localhost:1420/src/App.tsx:51:8 @ http://localhost:1420/@vite/client:524
[   16295ms] [ERROR] TypeError: Cannot read properties of undefined (reading 'invoke')
    at invoke (http://localhost:1420/node_modules/.vite/deps/@tauri-apps_api_core.js?v=bee5b3c4:204:36)
    at Object.recordingStatus (http://localhost:1420/src/api.ts:55:25)
    at http://localhost:1420/src/App.tsx:51:8 @ http://localhost:1420/@vite/client:524
[   17290ms] [ERROR] TypeError: Cannot read properties of undefined (reading 'invoke')
    at invoke (http://localhost:1420/node_modules/.vite/deps/@tauri-apps_api_core.js?v=bee5b3c4:204:36)
    at Object.recordingStatus (http://localhost:1420/src/api.ts:55:25)
    at http://localhost:1420/src/App.tsx:51:8 @ http://localhost:1420/@vite/client:524
[   18289ms] [ERROR] TypeError: Cannot read properties of undefined (reading 'invoke')
    at invoke (http://localhost:1420/node_modules/.vite/deps/@tauri-apps_api_core.js?v=bee5b3c4:204:36)
    at Object.recordingStatus (http://localhost:1420/src/api.ts:55:25)
    at http://localhost:1420/src/App.tsx:51:8 @ http://localhost:1420/@vite/client:524
[   19296ms] [ERROR] TypeError: Cannot read properties of undefined (reading 'invoke')
    at invoke (http://localhost:1420/node_modules/.vite/deps/@tauri-apps_api_core.js?v=bee5b3c4:204:36)
    at Object.recordingStatus (http://localhost:1420/src/api.ts:55:25)
    at http://localhost:1420/src/App.tsx:51:8 @ http://localhost:1420/@vite/client:524
[   20290ms] [ERROR] TypeError: Cannot read properties of undefined (reading 'invoke')
    at invoke (http://localhost:1420/node_modules/.vite/deps/@tauri-apps_api_core.js?v=bee5b3c4:204:36)
    at Object.recordingStatus (http://localhost:1420/src/api.ts:55:25)
    at http://localhost:1420/src/App.tsx:51:8 @ http://localhost:1420/@vite/client:524
